# JRE version: OpenJDK Runtime Environment Temurin-17.0.7+7 (17.0.7+7) (build 17.0.7+7)
# Java VM: OpenJDK 64-Bit Server VM Temurin-17.0.7+7 (17.0.7+7, mixed mode, tiered, compressed oops, compressed class ptrs, g1 gc, windows-amd64)
GC Precious Log:
 CPUs: 4 total, 4 available
 Memory: 7898M
 Large Page Support: Disabled
 NUMA Support: Disabled
 Compressed Oops: Enabled (32-bit)
 Heap Region Size: 1M
 Heap Min Capacity: 8M
 Heap Initial Capacity: 124M
 Heap Max Capacity: 2G
 Pre-touch: Disabled
 Parallel Workers: 4
 Concurrent Workers: 1
 Concurrent Refinement Workers: 4
 Periodic GC: Disabled
Heap:
 garbage-first heap   total 126976K, used 29625K [0x0000000080000000, 0x0000000100000000)
  region size 1024K, 3 young (3072K), 3 survivors (3072K)
 Metaspace       used 34646K, committed 35008K, reserved 1114112K
  class space    used 3661K, committed 3840K, reserved 1048576K
GC Heap History (20 events):
Event: 1.273 GC heap after
{Heap after GC invocations=1 (full 0):
 garbage-first heap   total 126976K, used 10083K [0x0000000080000000, 0x0000000100000000)
  region size 1024K, 2 young (2048K), 2 survivors (2048K)
 Metaspace       used 4844K, committed 4928K, reserved 1114112K
  class space    used 390K, committed 448K, reserved 1048576K
}
Event: 2.201 GC heap before
{Heap before GC invocations=1 (full 0):
 garbage-first heap   total 126976K, used 20323K [0x0000000080000000, 0x0000000100000000)
  region size 1024K, 10 young (10240K), 2 survivors (2048K)
 Metaspace       used 6754K, committed 6976K, reserved 1114112K
  class space    used 526K, committed 640K, reserved 1048576K
}
Event: 2.205 GC heap after
{Heap after GC invocations=2 (full 0):
 garbage-first heap   total 126976K, used 15102K [0x0000000080000000, 0x0000000100000000)
  region size 1024K, 2 young (2048K), 2 survivors (2048K)
 Metaspace       used 6754K, committed 6976K, reserved 1114112K
  class space    used 526K, committed 640K, reserved 1048576K
}
Event: 3.484 GC heap before
{Heap before GC invocations=2 (full 0):
 garbage-first heap   total 126976K, used 31486K [0x0000000080000000, 0x0000000100000000)
  region size 1024K, 19 young (19456K), 2 survivors (2048K)
 Metaspace       used 10061K, committed 10240K, reserved 1114112K
  class space    used 879K, committed 960K, reserved 1048576K
}
Event: 3.490 GC heap after
{Heap after GC invocations=3 (full 0):
 garbage-first heap   total 126976K, used 17077K [0x0000000080000000, 0x0000000100000000)
  region size 1024K, 2 young (2048K), 2 survivors (2048K)
 Metaspace       used 10061K, committed 10240K, reserved 1114112K
  class space    used 879K, committed 960K, reserved 1048576K
}
Event: 6.369 GC heap before
{Heap before GC invocations=3 (full 0):
 garbage-first heap   total 126976K, used 67253K [0x0000000080000000, 0x0000000100000000)
  region size 1024K, 49 young (50176K), 2 survivors (2048K)
 Metaspace       used 17729K, committed 17920K, reserved 1114112K
  class space    used 1663K, committed 1792K, reserved 1048576K
}
Event: 6.383 GC heap after
{Heap after GC invocations=4 (full 0):
 garbage-first heap   total 126976K, used 23421K [0x0000000080000000, 0x0000000100000000)
  region size 1024K, 7 young (7168K), 7 survivors (7168K)
 Metaspace       used 17729K, committed 17920K, reserved 1114112K
  class space    used 1663K, committed 1792K, reserved 1048576K
}
Event: 7.620 GC heap before
{Heap before GC invocations=4 (full 0):
 garbage-first heap   total 126976K, used 45949K [0x0000000080000000, 0x0000000100000000)
  region size 1024K, 30 young (30720K), 7 survivors (7168K)
 Metaspace       used 21353K, committed 21504K, reserved 1114112K
  class space    used 2222K, committed 2304K, reserved 1048576K
}
Event: 7.636 GC heap after
{Heap after GC invocations=5 (full 0):
 garbage-first heap   total 126976K, used 22848K [0x0000000080000000, 0x0000000100000000)
  region size 1024K, 6 young (6144K), 6 survivors (6144K)
 Metaspace       used 21353K, committed 21504K, reserved 1114112K
  class space    used 2222K, committed 2304K, reserved 1048576K
}
Event: 8.780 GC heap before
{Heap before GC invocations=6 (full 0):
 garbage-first heap   total 81920K, used 64832K [0x0000000080000000, 0x0000000100000000)
  region size 1024K, 48 young (49152K), 6 survivors (6144K)
 Metaspace       used 22185K, committed 22400K, reserved 1114112K
  class space    used 2312K, committed 2432K, reserved 1048576K
}
Event: 8.794 GC heap after
{Heap after GC invocations=7 (full 0):
 garbage-first heap   total 81920K, used 23558K [0x0000000080000000, 0x0000000100000000)
  region size 1024K, 3 young (3072K), 3 survivors (3072K)
 Metaspace       used 22185K, committed 22400K, reserved 1114112K
  class space    used 2312K, committed 2432K, reserved 1048576K
}
Event: 8.801 GC heap before
{Heap before GC invocations=7 (full 0):
 garbage-first heap   total 81920K, used 24582K [0x0000000080000000, 0x0000000100000000)
  region size 1024K, 4 young (4096K), 3 survivors (3072K)
 Metaspace       used 22185K, committed 22400K, reserved 1114112K
  class space    used 2312K, committed 2432K, reserved 1048576K
}
Event: 8.808 GC heap after
{Heap after GC invocations=8 (full 0):
 garbage-first heap   total 81920K, used 23449K [0x0000000080000000, 0x0000000100000000)
  region size 1024K, 1 young (1024K), 1 survivors (1024K)
 Metaspace       used 22185K, committed 22400K, reserved 1114112K
  class space    used 2312K, committed 2432K, reserved 1048576K
}
Event: 11.988 GC heap before
{Heap before GC invocations=8 (full 0):
 garbage-first heap   total 81920K, used 60313K [0x0000000080000000, 0x0000000100000000)
  region size 1024K, 37 young (37888K), 1 survivors (1024K)
 Metaspace       used 26667K, committed 27008K, reserved 1114112K
  class space    used 2774K, committed 2944K, reserved 1048576K
}
Event: 11.998 GC heap after
{Heap after GC invocations=9 (full 0):
 garbage-first heap   total 81920K, used 26529K [0x0000000080000000, 0x0000000100000000)
  region size 1024K, 4 young (4096K), 4 survivors (4096K)
 Metaspace       used 26667K, committed 27008K, reserved 1114112K
  class space    used 2774K, committed 2944K, reserved 1048576K
}
Event: 14.005 GC heap before
{Heap before GC invocations=9 (full 0):
 garbage-first heap   total 81920K, used 60321K [0x0000000080000000, 0x0000000100000000)
  region size 1024K, 37 young (37888K), 4 survivors (4096K)
 Metaspace       used 31594K, committed 32000K, reserved 1114112K
  class space    used 3365K, committed 3584K, reserved 1048576K
}
Event: 14.018 GC heap after
{Heap after GC invocations=10 (full 0):
 garbage-first heap   total 81920K, used 28360K [0x0000000080000000, 0x0000000100000000)
  region size 1024K, 2 young (2048K), 2 survivors (2048K)
 Metaspace       used 31594K, committed 32000K, reserved 1114112K
  class space    used 3365K, committed 3584K, reserved 1048576K
}
Event: 14.477 GC heap before
{Heap before GC invocations=10 (full 0):
 garbage-first heap   total 81920K, used 65224K [0x0000000080000000, 0x0000000100000000)
  region size 1024K, 35 young (35840K), 2 survivors (2048K)
 Metaspace       used 32786K, committed 33152K, reserved 1114112K
  class space    used 3445K, committed 3648K, reserved 1048576K
}
Event: 14.483 GC heap after
{Heap after GC invocations=11 (full 0):
 garbage-first heap   total 81920K, used 28984K [0x0000000080000000, 0x0000000100000000)
  region size 1024K, 3 young (3072K), 3 survivors (3072K)
 Metaspace       used 32786K, committed 33152K, reserved 1114112K
  class space    used 3445K, committed 3648K, reserved 1048576K
}
Event: 15.427 GC heap before
{Heap before GC invocations=11 (full 0):
 garbage-first heap   total 81920K, used 63800K [0x0000000080000000, 0x0000000100000000)
  region size 1024K, 37 young (37888K), 3 survivors (3072K)
 Metaspace       used 34646K, committed 35008K, reserved 1114112K
  class space    used 3661K, committed 3840K, reserved 1048576K
}

